<?xml version="1.0" encoding="UTF-8"?>
<!-- Generated by org.testng.reporters.JUnitXMLReporter -->
<testsuite ignored="0" hostname="LAPTOP-6FK3USST" failures="1" tests="1" name="Test(failed)(failed)" time="9.184" errors="0" timestamp="2022-11-11T08:18:15 IST">
  <testcase classname="com.opencart.tests.TC007_CheckoutPageTest" name="enterBillingDetails" time="2.093">
    <failure type="java.lang.AssertionError" message="expected [true] but found [false]">
      <![CDATA[java.lang.AssertionError: expected [true] but found [false]
at com.opencart.tests.TC007_CheckoutPageTest.enterBillingDetails(TC007_CheckoutPageTest.java:39)
at java.base/java.util.ArrayList.forEach(ArrayList.java:1511)
... Removed 31 stack frames]]>
    </failure>
  </testcase> <!-- enterBillingDetails -->
</testsuite> <!-- Test(failed)(failed) -->
