<?xml version="1.0" encoding="UTF-8"?>
<!-- Generated by org.testng.reporters.JUnitXMLReporter -->
<testsuite ignored="2" hostname="LAPTOP-6FK3USST" failures="1" tests="3" name="Test(failed)" time="20.425" errors="0" timestamp="2022-11-11T08:16:41 IST">
  <testcase classname="com.opencart.tests.TC003_MyAccountPageTest" name="searchForExistingProduct" time="2.306"/>
  <testcase classname="com.opencart.tests.TC003_MyAccountPageTest" name="searchWithEnterBtn" time="2.326"/>
  <testcase classname="com.opencart.tests.TC007_CheckoutPageTest" name="enterBillingDetails" time="1.757">
    <failure type="java.lang.AssertionError" message="expected [true] but found [false]">
      <![CDATA[java.lang.AssertionError: expected [true] but found [false]
at com.opencart.tests.TC007_CheckoutPageTest.enterBillingDetails(TC007_CheckoutPageTest.java:39)
at java.base/java.util.ArrayList.forEach(ArrayList.java:1511)
... Removed 31 stack frames]]>
    </failure>
  </testcase> <!-- enterBillingDetails -->
  <testcase classname="com.opencart.tests.TC003_MyAccountPageTest" name="searchForNonExistingProduct" time="0.0">
    <ignored/>
  </testcase> <!-- searchForNonExistingProduct -->
  <testcase classname="com.opencart.tests.TC003_MyAccountPageTest" name="validateTitle" time="0.0">
    <ignored/>
  </testcase> <!-- validateTitle -->
</testsuite> <!-- Test(failed) -->
